2016-12-02 10:48:20:925  [TID 7108    ][INFO      ] Default Logger initialized [dmvcframework]
2016-12-02 10:48:20:925  [TID 7108    ][INFO      ] ENTER: Config default values [dmvcframework]
2016-12-02 10:48:20:925  [TID 7108    ][INFO      ] EXIT: Config default values [dmvcframework]
2016-12-02 10:48:20:925  [TID 7108    ][INFO      ] >> Custom configuration proc [dmvcframework]
2016-12-02 10:48:20:925  [TID 7108    ][INFO      ] << Custom configuration proc [dmvcframework]
2016-12-02 10:48:20:925  [TID 7108    ][INFO      ] ENTER: LoadSystemControllers [dmvcframework]
2016-12-02 10:48:20:925  [TID 7108    ][INFO      ] EXIT: LoadSystemControllers [dmvcframework]
2016-12-02 10:48:20:925  [TID 7108    ][INFO      ] GET:/ -> NO ACTION  - 404 Not Found [dmvcframework]
2016-12-02 10:48:21:204  [TID 11184   ][INFO      ] GET:/favicon.ico -> NO ACTION  - 404 Not Found [dmvcframework]
2016-12-02 10:49:01:028  [TID 3616    ][INFO      ] GET:/ -> NO ACTION  - 404 Not Found [dmvcframework]
2016-12-02 11:20:36:941  [TID 7108    ][INFO      ] Default Logger initialized [dmvcframework]
2016-12-02 11:20:36:941  [TID 7108    ][INFO      ] ENTER: Config default values [dmvcframework]
2016-12-02 11:20:36:941  [TID 7108    ][INFO      ] EXIT: Config default values [dmvcframework]
2016-12-02 11:20:36:941  [TID 7108    ][INFO      ] >> Custom configuration proc [dmvcframework]
2016-12-02 11:20:36:941  [TID 7108    ][INFO      ] << Custom configuration proc [dmvcframework]
2016-12-02 11:20:36:941  [TID 7108    ][INFO      ] ENTER: LoadSystemControllers [dmvcframework]
2016-12-02 11:20:36:941  [TID 7108    ][INFO      ] EXIT: LoadSystemControllers [dmvcframework]
2016-12-02 11:20:36:942  [TID 7108    ][INFO      ] GET:/ -> NO ACTION  - 404 Not Found [dmvcframework]
2016-12-02 11:20:40:491  [TID 8876    ][INFO      ] GET:/ -> NO ACTION  - 404 Not Found [dmvcframework]
2016-12-02 11:54:38:098  [TID 9136    ][INFO      ] Default Logger initialized [dmvcframework]
2016-12-02 11:54:38:098  [TID 9136    ][INFO      ] ENTER: Config default values [dmvcframework]
2016-12-02 11:54:38:098  [TID 9136    ][INFO      ] EXIT: Config default values [dmvcframework]
2016-12-02 11:54:38:098  [TID 9136    ][INFO      ] >> Custom configuration proc [dmvcframework]
2016-12-02 11:54:38:098  [TID 9136    ][INFO      ] << Custom configuration proc [dmvcframework]
2016-12-02 11:54:38:098  [TID 9136    ][INFO      ] ENTER: LoadSystemControllers [dmvcframework]
2016-12-02 11:54:38:098  [TID 9136    ][INFO      ] EXIT: LoadSystemControllers [dmvcframework]
2016-12-02 11:54:38:098  [TID 9136    ][INFO      ] GET:/ -> NO ACTION  - 404 Not Found [dmvcframework]
2016-12-02 11:54:47:969  [TID 10440   ][ERROR     ] [EIBNativeException] [FireDAC][Phys][FB]I/O error during "CreateFile (open)" operation for file "C:\dmvc\samples\angular2\dmvcframeworkserver\\CUSTOMERS.FDB"
Error while trying to open file
O sistema não pode encontrar o arquivo especificado.  (Custom message: "Global Action Exception Handler") [dmvcframework]
2016-12-02 11:54:47:969  [TID 10440   ][INFO      ] GET:/api/customers -> CustomersControllerU.TCustomersController - 500 [FireDAC][Phys][FB]I/O error during "CreateFile (open)" operation for file "C:\dmvc\samples\angular2\dmvcframeworkserver\\CUSTOMERS.FDB"
Error while trying to open file
O sistema não pode encontrar o arquivo especificado.  [EIBNativeException] [dmvcframework]
2016-12-02 11:55:53:304  [TID 8528    ][INFO      ] GET:/api/customers -> CustomersControllerU.TCustomersController - 200 OK [dmvcframework]
2016-12-02 11:55:56:847  [TID 8796    ][INFO      ] GET:/api/customers/1 -> CustomersControllerU.TCustomersController - 200 OK [dmvcframework]
2016-12-02 11:55:59:800  [TID 8164    ][INFO      ] GET:/api/customers -> CustomersControllerU.TCustomersController - 200 OK [dmvcframework]
2016-12-02 11:56:01:286  [TID 4592    ][INFO      ] GET:/api/customers/3 -> CustomersControllerU.TCustomersController - 200 OK [dmvcframework]
2016-12-02 11:56:02:713  [TID 5244    ][INFO      ] GET:/api/customers -> CustomersControllerU.TCustomersController - 200 OK [dmvcframework]
2016-12-02 11:56:08:650  [TID 6692    ][INFO      ] GET:/api/customers/4 -> CustomersControllerU.TCustomersController - 200 OK [dmvcframework]
2016-12-02 11:56:09:949  [TID 6104    ][INFO      ] GET:/api/customers -> CustomersControllerU.TCustomersController - 200 OK [dmvcframework]
2016-12-02 11:56:11:629  [TID 3844    ][INFO      ] GET:/api/customers/1 -> CustomersControllerU.TCustomersController - 200 OK [dmvcframework]
2016-12-02 11:56:12:696  [TID 8784    ][INFO      ] GET:/api/customers -> CustomersControllerU.TCustomersController - 200 OK [dmvcframework]
2016-12-02 12:00:11:112  [TID 2336    ][INFO      ] GET:/api/customers -> CustomersControllerU.TCustomersController - 200 OK [dmvcframework]
2016-12-02 12:00:12:957  [TID 7584    ][INFO      ] GET:/api/customers/1 -> CustomersControllerU.TCustomersController - 200 OK [dmvcframework]
2016-12-02 12:00:14:323  [TID 5680    ][INFO      ] GET:/api/customers -> CustomersControllerU.TCustomersController - 200 OK [dmvcframework]
2016-12-02 17:17:54:898  [TID 11736   ][INFO      ] Default Logger initialized [dmvcframework]
2016-12-02 17:17:54:898  [TID 11736   ][INFO      ] ENTER: Config default values [dmvcframework]
2016-12-02 17:17:54:898  [TID 11736   ][INFO      ] EXIT: Config default values [dmvcframework]
2016-12-02 17:17:54:898  [TID 11736   ][INFO      ] >> Custom configuration proc [dmvcframework]
2016-12-02 17:17:54:898  [TID 11736   ][INFO      ] << Custom configuration proc [dmvcframework]
2016-12-02 17:17:54:898  [TID 11736   ][INFO      ] ENTER: LoadSystemControllers [dmvcframework]
2016-12-02 17:17:54:898  [TID 11736   ][INFO      ] EXIT: LoadSystemControllers [dmvcframework]
2016-12-02 17:17:54:899  [TID 11736   ][INFO      ] GET:/ -> NO ACTION  - 404 Not Found [dmvcframework]
2016-12-02 17:18:07:920  [TID 7224    ][INFO      ] GET:/api/customers -> CustomersControllerU.TCustomersController - 200 OK [dmvcframework]
2016-12-02 17:18:10:259  [TID 11700   ][INFO      ] GET:/api/customers/1 -> CustomersControllerU.TCustomersController - 200 OK [dmvcframework]
2016-12-02 17:18:12:010  [TID 11168   ][INFO      ] GET:/api/customers -> CustomersControllerU.TCustomersController - 200 OK [dmvcframework]
2016-12-02 17:18:13:659  [TID 7676    ][INFO      ] GET:/api/customers/2 -> CustomersControllerU.TCustomersController - 200 OK [dmvcframework]
2016-12-02 17:18:15:932  [TID 1296    ][INFO      ] GET:/api/customers -> CustomersControllerU.TCustomersController - 200 OK [dmvcframework]
2016-12-02 17:20:34:454  [TID 11600   ][INFO      ] GET:/api/customers/1 -> CustomersControllerU.TCustomersController - 200 OK [dmvcframework]
2016-12-02 17:20:48:522  [TID 12112   ][INFO      ] GET:/api/customers -> CustomersControllerU.TCustomersController - 200 OK [dmvcframework]
2016-12-02 17:21:01:258  [TID 6960    ][INFO      ] GET:/api/customers -> CustomersControllerU.TCustomersController - 200 OK [dmvcframework]
2016-12-02 17:21:03:319  [TID 11708   ][INFO      ] GET:/api/customers -> CustomersControllerU.TCustomersController - 200 OK [dmvcframework]
2016-12-02 17:46:49:258  [TID 8604    ][INFO      ] GET:/api/customers -> CustomersControllerU.TCustomersController - 200 OK [dmvcframework]
2016-12-02 17:47:56:029  [TID 11636   ][INFO      ] GET:/api/customers -> CustomersControllerU.TCustomersController - 200 OK [dmvcframework]
2016-12-02 17:49:30:677  [TID 10244   ][INFO      ] GET:/api/customers -> CustomersControllerU.TCustomersController - 200 OK [dmvcframework]
2016-12-02 17:49:54:838  [TID 11136   ][INFO      ] GET:/api/customers/2 -> CustomersControllerU.TCustomersController - 200 OK [dmvcframework]
2016-12-02 17:49:59:582  [TID 8424    ][INFO      ] GET:/api/customers -> CustomersControllerU.TCustomersController - 200 OK [dmvcframework]
2016-12-02 17:51:38:712  [TID 7792    ][INFO      ] GET:/api/customers -> CustomersControllerU.TCustomersController - 200 OK [dmvcframework]
2016-12-02 17:52:44:732  [TID 2352    ][INFO      ] GET:/api/customers -> CustomersControllerU.TCustomersController - 200 OK [dmvcframework]
2016-12-02 17:53:00:388  [TID 1768    ][INFO      ] GET:/api/customers -> CustomersControllerU.TCustomersController - 200 OK [dmvcframework]
2016-12-02 17:54:09:753  [TID 1288    ][INFO      ] GET:/api/customers -> CustomersControllerU.TCustomersController - 200 OK [dmvcframework]
2016-12-02 17:54:33:159  [TID 12284   ][INFO      ] GET:/api/customers -> CustomersControllerU.TCustomersController - 200 OK [dmvcframework]
2016-12-02 17:56:33:759  [TID 10028   ][INFO      ] GET:/api/customers -> CustomersControllerU.TCustomersController - 200 OK [dmvcframework]
2016-12-02 18:01:42:558  [TID 8628    ][INFO      ] GET:/api/customers -> CustomersControllerU.TCustomersController - 200 OK [dmvcframework]
2016-12-02 18:06:20:303  [TID 11032   ][INFO      ] GET:/api/customers -> CustomersControllerU.TCustomersController - 200 OK [dmvcframework]
2016-12-02 18:06:22:862  [TID 5300    ][INFO      ] GET:/api/customers/1 -> CustomersControllerU.TCustomersController - 200 OK [dmvcframework]
2016-12-02 18:10:02:985  [TID 8700    ][INFO      ] GET:/api/customers -> CustomersControllerU.TCustomersController - 200 OK [dmvcframework]
2016-12-02 18:10:05:516  [TID 4516    ][INFO      ] GET:/api/customers/1 -> CustomersControllerU.TCustomersController - 200 OK [dmvcframework]
2016-12-02 18:10:07:941  [TID 5124    ][INFO      ] GET:/api/customers -> CustomersControllerU.TCustomersController - 200 OK [dmvcframework]
2016-12-02 18:10:31:861  [TID 9224    ][INFO      ] GET:/api/customers -> CustomersControllerU.TCustomersController - 200 OK [dmvcframework]
2016-12-02 18:10:33:741  [TID 8568    ][INFO      ] GET:/api/customers/1 -> CustomersControllerU.TCustomersController - 200 OK [dmvcframework]
2016-12-02 19:15:52:878  [TID 10548   ][INFO      ] GET:/api/customers -> CustomersControllerU.TCustomersController - 200 OK [dmvcframework]
2016-12-02 19:15:55:418  [TID 8320    ][INFO      ] GET:/api/customers/1 -> CustomersControllerU.TCustomersController - 200 OK [dmvcframework]
2016-12-02 19:15:58:404  [TID 8196    ][INFO      ] GET:/api/customers -> CustomersControllerU.TCustomersController - 200 OK [dmvcframework]
2016-12-02 19:15:59:792  [TID 10212   ][INFO      ] GET:/api/customers/1 -> CustomersControllerU.TCustomersController - 200 OK [dmvcframework]
2016-12-02 19:32:52:147  [TID 6284    ][INFO      ] GET:/api/customers -> CustomersControllerU.TCustomersController - 200 OK [dmvcframework]
2016-12-02 19:32:54:544  [TID 11108   ][INFO      ] GET:/api/customers/1 -> CustomersControllerU.TCustomersController - 200 OK [dmvcframework]
2016-12-03 00:47:26:882  [TID 7020    ][INFO      ] Default Logger initialized [dmvcframework]
2016-12-03 00:47:26:882  [TID 7020    ][INFO      ] ENTER: Config default values [dmvcframework]
2016-12-03 00:47:26:882  [TID 7020    ][INFO      ] EXIT: Config default values [dmvcframework]
2016-12-03 00:47:26:882  [TID 7020    ][INFO      ] >> Custom configuration proc [dmvcframework]
2016-12-03 00:47:26:882  [TID 7020    ][INFO      ] << Custom configuration proc [dmvcframework]
2016-12-03 00:47:26:882  [TID 7020    ][INFO      ] ENTER: LoadSystemControllers [dmvcframework]
2016-12-03 00:47:26:882  [TID 7020    ][INFO      ] EXIT: LoadSystemControllers [dmvcframework]
2016-12-03 00:47:26:882  [TID 7020    ][INFO      ] GET:/ -> NO ACTION  - 404 Not Found [dmvcframework]
2016-12-03 00:47:26:972  [TID 9180    ][INFO      ] GET:/ -> NO ACTION  - 404 Not Found [dmvcframework]
2016-12-03 00:47:27:297  [TID 9680    ][INFO      ] GET:/favicon.ico -> NO ACTION  - 404 Not Found [dmvcframework]
2016-12-03 00:47:27:352  [TID 10160   ][INFO      ] GET:/favicon.ico -> NO ACTION  - 404 Not Found [dmvcframework]
2016-12-03 00:47:29:444  [TID 10092   ][INFO      ] GET:/index.html -> NO ACTION  - 404 Not Found [dmvcframework]
2016-12-03 00:47:29:842  [TID 11832   ][INFO      ] GET:/name -> NO ACTION  - 404 Not Found [dmvcframework]
2016-12-03 00:48:33:085  [TID 9928    ][INFO      ] GET:/customers -> NO ACTION  - 404 Not Found [dmvcframework]
2016-12-03 00:49:06:456  [TID 6244    ][INFO      ] Default Logger initialized [dmvcframework]
2016-12-03 00:49:06:456  [TID 6244    ][INFO      ] ENTER: Config default values [dmvcframework]
2016-12-03 00:49:06:456  [TID 6244    ][INFO      ] EXIT: Config default values [dmvcframework]
2016-12-03 00:49:06:456  [TID 6244    ][INFO      ] >> Custom configuration proc [dmvcframework]
2016-12-03 00:49:06:456  [TID 6244    ][INFO      ] << Custom configuration proc [dmvcframework]
2016-12-03 00:49:06:456  [TID 6244    ][INFO      ] ENTER: LoadSystemControllers [dmvcframework]
2016-12-03 00:49:06:456  [TID 6244    ][INFO      ] EXIT: LoadSystemControllers [dmvcframework]
2016-12-03 00:49:06:456  [TID 6244    ][INFO      ] GET:/ -> NO ACTION  - 404 Not Found [dmvcframework]
2016-12-03 00:49:13:155  [TID 9416    ][INFO      ] GET:/customers -> NO ACTION  - 404 Not Found [dmvcframework]
2016-12-03 00:49:27:302  [TID 8796    ][INFO      ] GET:/api/customers -> CustomersControllerU.TCustomersController - 200 OK [dmvcframework]
2016-12-03 00:49:35:613  [TID 7500    ][INFO      ] GET:/api/customers -> CustomersControllerU.TCustomersController - 200 OK [dmvcframework]
2016-12-03 00:51:06:996  [TID 12248   ][INFO      ] PUT:/api/customers/1 -> NO ACTION  - 404 Not Found [dmvcframework]
2016-12-03 00:51:43:833  [TID 7760    ][INFO      ] Default Logger initialized [dmvcframework]
2016-12-03 00:51:43:833  [TID 7760    ][INFO      ] ENTER: Config default values [dmvcframework]
2016-12-03 00:51:43:833  [TID 7760    ][INFO      ] EXIT: Config default values [dmvcframework]
2016-12-03 00:51:43:833  [TID 7760    ][INFO      ] >> Custom configuration proc [dmvcframework]
2016-12-03 00:51:43:833  [TID 7760    ][INFO      ] << Custom configuration proc [dmvcframework]
2016-12-03 00:51:43:833  [TID 7760    ][INFO      ] ENTER: LoadSystemControllers [dmvcframework]
2016-12-03 00:51:43:833  [TID 7760    ][INFO      ] EXIT: LoadSystemControllers [dmvcframework]
2016-12-03 00:51:43:834  [TID 7760    ][INFO      ] GET:/ -> NO ACTION  - 404 Not Found [dmvcframework]
2016-12-03 00:51:51:614  [TID 476     ][ERROR     ] [EMVCException] Body ContentType text/plain not supported (Custom message: "N.A.") [dmvcframework]
2016-12-03 00:51:51:616  [TID 476     ][INFO      ] PUT:/api/customers/1 -> CustomersControllerU.TCustomersController - 500 Body ContentType text/plain not supported [EMVCException] [dmvcframework]
2016-12-03 00:51:58:292  [TID 3776    ][INFO      ] PUT:/api/customers/1 -> CustomersControllerU.TCustomersController - 200 Customer Updated [dmvcframework]
2016-12-03 00:52:30:866  [TID 10044   ][INFO      ] GET:/api/customers -> CustomersControllerU.TCustomersController - 200 OK [dmvcframework]
2016-12-03 00:52:49:475  [TID 12032   ][INFO      ] PUT:/api/customers/1 -> CustomersControllerU.TCustomersController - 200 Customer Updated [dmvcframework]
2016-12-03 00:55:58:866  [TID 6904    ][ERROR     ] [Exception] First Name cannot be less than 3 chars (Custom message: "Global Action Exception Handler") [dmvcframework]
2016-12-03 00:55:58:866  [TID 6904    ][INFO      ] PUT:/api/customers/1 -> CustomersControllerU.TCustomersController - 500 First Name cannot be less than 3 chars [Exception] [dmvcframework]
2016-12-03 00:56:22:958  [TID 7256    ][INFO      ] PUT:/api/customers/1 -> CustomersControllerU.TCustomersController - 200 Customer Updated [dmvcframework]
2016-12-03 00:56:48:953  [TID 8516    ][INFO      ] GET:/api/customers -> CustomersControllerU.TCustomersController - 200 OK [dmvcframework]
2016-12-03 01:00:05:408  [TID 9836    ][INFO      ] Default Logger initialized [dmvcframework]
2016-12-03 01:00:05:408  [TID 9836    ][INFO      ] ENTER: Config default values [dmvcframework]
2016-12-03 01:00:05:408  [TID 9836    ][INFO      ] EXIT: Config default values [dmvcframework]
2016-12-03 01:00:05:408  [TID 9836    ][INFO      ] >> Custom configuration proc [dmvcframework]
2016-12-03 01:00:05:408  [TID 9836    ][INFO      ] << Custom configuration proc [dmvcframework]
2016-12-03 01:00:05:408  [TID 9836    ][INFO      ] ENTER: LoadSystemControllers [dmvcframework]
2016-12-03 01:00:05:408  [TID 9836    ][INFO      ] EXIT: LoadSystemControllers [dmvcframework]
2016-12-03 01:00:05:409  [TID 9836    ][INFO      ] GET:/ -> NO ACTION  - 404 Not Found [dmvcframework]
2016-12-03 01:00:09:907  [TID 11564   ][ERROR     ] [EIBNativeException] [FireDAC][Phys][FB]I/O error during "CreateFile (open)" operation for file "C:\dmvc\samples\angular2\dmvcframeworkserver\\CUSTOMERS.FDB"
Error while trying to open file
O arquivo já está sendo usado por outro processo.  (Custom message: "Global Action Exception Handler") [dmvcframework]
2016-12-03 01:00:09:907  [TID 11564   ][INFO      ] PUT:/api/customers/1 -> CustomersControllerU.TCustomersController - 500 [FireDAC][Phys][FB]I/O error during "CreateFile (open)" operation for file "C:\dmvc\samples\angular2\dmvcframeworkserver\\CUSTOMERS.FDB"
Error while trying to open file
O arquivo já está sendo usado por outro processo.  [EIBNativeException] [dmvcframework]
2016-12-03 01:00:17:138  [TID 11164   ][ERROR     ] [EIBNativeException] [FireDAC][Phys][FB]I/O error during "CreateFile (open)" operation for file "C:\dmvc\samples\angular2\dmvcframeworkserver\\CUSTOMERS.FDB"
Error while trying to open file
O arquivo já está sendo usado por outro processo.  (Custom message: "Global Action Exception Handler") [dmvcframework]
2016-12-03 01:00:17:138  [TID 11164   ][INFO      ] PUT:/api/customers/1 -> CustomersControllerU.TCustomersController - 500 [FireDAC][Phys][FB]I/O error during "CreateFile (open)" operation for file "C:\dmvc\samples\angular2\dmvcframeworkserver\\CUSTOMERS.FDB"
Error while trying to open file
O arquivo já está sendo usado por outro processo.  [EIBNativeException] [dmvcframework]
2016-12-03 01:01:24:635  [TID 3484    ][INFO      ] Default Logger initialized [dmvcframework]
2016-12-03 01:01:24:635  [TID 3484    ][INFO      ] ENTER: Config default values [dmvcframework]
2016-12-03 01:01:24:635  [TID 3484    ][INFO      ] EXIT: Config default values [dmvcframework]
2016-12-03 01:01:24:635  [TID 3484    ][INFO      ] >> Custom configuration proc [dmvcframework]
2016-12-03 01:01:24:635  [TID 3484    ][INFO      ] << Custom configuration proc [dmvcframework]
2016-12-03 01:01:24:635  [TID 3484    ][INFO      ] ENTER: LoadSystemControllers [dmvcframework]
2016-12-03 01:01:24:635  [TID 3484    ][INFO      ] EXIT: LoadSystemControllers [dmvcframework]
2016-12-03 01:01:24:636  [TID 3484    ][INFO      ] GET:/ -> NO ACTION  - 404 Not Found [dmvcframework]
2016-12-03 01:01:31:320  [TID 7200    ][INFO      ] GET:/api/customers -> CustomersControllerU.TCustomersController - 200 OK [dmvcframework]
2016-12-03 01:01:35:380  [TID 1852    ][INFO      ] PUT:/api/customers/1 -> CustomersControllerU.TCustomersController - 200 Customer Updated [dmvcframework]
2016-12-03 01:01:43:289  [TID 3988    ][INFO      ] GET:/api/customers -> CustomersControllerU.TCustomersController - 200 OK [dmvcframework]
2016-12-03 01:01:55:247  [TID 3392    ][INFO      ] PUT:/api/customers/1 -> CustomersControllerU.TCustomersController - 200 Customer Updated [dmvcframework]
2016-12-03 01:01:59:357  [TID 7800    ][INFO      ] GET:/api/customers -> CustomersControllerU.TCustomersController - 200 OK [dmvcframework]
2016-12-03 01:02:06:421  [TID 3432    ][INFO      ] PUT:/api/customers/1 -> CustomersControllerU.TCustomersController - 200 Customer Updated [dmvcframework]
2016-12-03 01:02:10:435  [TID 3792    ][INFO      ] GET:/api/customers -> CustomersControllerU.TCustomersController - 200 OK [dmvcframework]
2016-12-03 01:05:28:621  [TID 4492    ][INFO      ] GET:/api/customers -> CustomersControllerU.TCustomersController - 200 OK [dmvcframework]
2016-12-03 01:05:32:140  [TID 7192    ][INFO      ] GET:/api/customers/1 -> CustomersControllerU.TCustomersController - 200 OK [dmvcframework]
2016-12-03 01:05:38:950  [TID 2968    ][INFO      ] GET:/api/customers -> CustomersControllerU.TCustomersController - 200 OK [dmvcframework]
2016-12-03 01:06:03:307  [TID 9288    ][INFO      ] GET:/api/customers -> CustomersControllerU.TCustomersController - 200 OK [dmvcframework]
2016-12-03 01:06:05:866  [TID 11920   ][INFO      ] GET:/api/customers/1 -> CustomersControllerU.TCustomersController - 200 OK [dmvcframework]
2016-12-03 01:06:27:935  [TID 10000   ][INFO      ] GET:/api/customers -> CustomersControllerU.TCustomersController - 200 OK [dmvcframework]
2016-12-03 01:06:35:155  [TID 11744   ][INFO      ] GET:/api/customers -> CustomersControllerU.TCustomersController - 200 OK [dmvcframework]
2016-12-03 01:09:21:012  [TID 10032   ][INFO      ] GET:/api/customers -> CustomersControllerU.TCustomersController - 200 OK [dmvcframework]
2016-12-03 01:09:23:394  [TID 9384    ][INFO      ] GET:/api/customers/1 -> CustomersControllerU.TCustomersController - 200 OK [dmvcframework]
2016-12-03 01:11:08:218  [TID 688     ][INFO      ] GET:/ -> NO ACTION  - 404 Not Found [dmvcframework]
2016-12-03 01:11:13:821  [TID 11664   ][INFO      ] GET:/customers -> NO ACTION  - 404 Not Found [dmvcframework]
2016-12-03 01:11:16:815  [TID 8772    ][INFO      ] GET:/customers/ -> NO ACTION  - 404 Not Found [dmvcframework]
2016-12-03 01:11:21:918  [TID 9516    ][ERROR     ] [EConvertError] '' is not a valid integer value (Custom message: "Global Action Exception Handler") [dmvcframework]
2016-12-03 01:11:21:918  [TID 9516    ][INFO      ] GET:/api/customers/ -> CustomersControllerU.TCustomersController - 500 '' is not a valid integer value [EConvertError] [dmvcframework]
2016-12-03 01:11:25:905  [TID 8384    ][INFO      ] GET:/api/customers -> CustomersControllerU.TCustomersController - 200 OK [dmvcframework]
2016-12-03 01:11:52:516  [TID 9440    ][INFO      ] GET:/api/customers -> CustomersControllerU.TCustomersController - 200 OK [dmvcframework]
2016-12-03 01:12:18:814  [TID 3988    ][INFO      ] PUT:/api/customers/1 -> CustomersControllerU.TCustomersController - 200 Customer Updated [dmvcframework]
2016-12-03 01:12:26:813  [TID 2976    ][INFO      ] GET:/api/customers -> CustomersControllerU.TCustomersController - 200 OK [dmvcframework]
2016-12-03 01:12:33:649  [TID 4016    ][INFO      ] GET:/api/customers -> CustomersControllerU.TCustomersController - 200 OK [dmvcframework]
2016-12-03 01:12:35:874  [TID 4620    ][INFO      ] GET:/api/customers/1 -> CustomersControllerU.TCustomersController - 200 OK [dmvcframework]
2016-12-03 01:14:59:328  [TID 11348   ][INFO      ] GET:/api/customers -> CustomersControllerU.TCustomersController - 200 OK [dmvcframework]
2016-12-03 01:15:01:981  [TID 11228   ][INFO      ] GET:/api/customers/1 -> CustomersControllerU.TCustomersController - 200 OK [dmvcframework]
2016-12-03 01:15:43:836  [TID 10908   ][INFO      ] PUT:/api/customers/1 -> CustomersControllerU.TCustomersController - 200 Customer Updated [dmvcframework]
2016-12-03 01:15:49:724  [TID 5748    ][INFO      ] GET:/api/customers -> CustomersControllerU.TCustomersController - 200 OK [dmvcframework]
2016-12-03 01:15:57:818  [TID 10248   ][INFO      ] PUT:/api/customers/1 -> CustomersControllerU.TCustomersController - 200 Customer Updated [dmvcframework]
2016-12-03 01:16:01:647  [TID 9092    ][INFO      ] GET:/api/customers -> CustomersControllerU.TCustomersController - 200 OK [dmvcframework]
2016-12-03 01:18:56:690  [TID 10200   ][INFO      ] GET:/api/customers -> CustomersControllerU.TCustomersController - 200 OK [dmvcframework]
2016-12-03 01:19:12:452  [TID 9992    ][INFO      ] GET:/api/customers -> CustomersControllerU.TCustomersController - 200 OK [dmvcframework]
2016-12-03 01:19:14:470  [TID 9288    ][INFO      ] GET:/api/customers/1 -> CustomersControllerU.TCustomersController - 200 OK [dmvcframework]
2016-12-03 01:28:43:812  [TID 1356    ][INFO      ] GET:/api/customers -> CustomersControllerU.TCustomersController - 200 OK [dmvcframework]
2016-12-03 01:29:00:996  [TID 9872    ][INFO      ] GET:/api/customers/1 -> CustomersControllerU.TCustomersController - 200 OK [dmvcframework]
2016-12-03 01:31:17:380  [TID 8688    ][INFO      ] GET:/api/customers -> CustomersControllerU.TCustomersController - 200 OK [dmvcframework]
2016-12-03 01:31:19:182  [TID 8692    ][INFO      ] GET:/api/customers/1 -> CustomersControllerU.TCustomersController - 200 OK [dmvcframework]
2016-12-03 01:33:17:030  [TID 4920    ][INFO      ] GET:/api/customers -> CustomersControllerU.TCustomersController - 200 OK [dmvcframework]
2016-12-03 01:33:18:714  [TID 8052    ][INFO      ] GET:/api/customers/1 -> CustomersControllerU.TCustomersController - 200 OK [dmvcframework]
2016-12-03 01:33:52:186  [TID 10396   ][INFO      ] GET:/api/customers -> CustomersControllerU.TCustomersController - 200 OK [dmvcframework]
2016-12-03 01:33:58:753  [TID 12276   ][INFO      ] GET:/api/customers/1 -> CustomersControllerU.TCustomersController - 200 OK [dmvcframework]
2016-12-03 01:41:01:718  [TID 10960   ][INFO      ] GET:/api/customers -> CustomersControllerU.TCustomersController - 200 OK [dmvcframework]
2016-12-03 01:41:04:169  [TID 11516   ][INFO      ] GET:/api/customers/1 -> CustomersControllerU.TCustomersController - 200 OK [dmvcframework]
2016-12-03 01:45:17:165  [TID 7392    ][INFO      ] GET:/api/customers -> CustomersControllerU.TCustomersController - 200 OK [dmvcframework]
2016-12-03 01:45:19:478  [TID 3356    ][INFO      ] GET:/api/customers/1 -> CustomersControllerU.TCustomersController - 200 OK [dmvcframework]
2016-12-03 01:50:35:876  [TID 9676    ][INFO      ] GET:/api/customers -> CustomersControllerU.TCustomersController - 200 OK [dmvcframework]
2016-12-03 01:50:42:941  [TID 10480   ][INFO      ] GET:/api/customers/1 -> CustomersControllerU.TCustomersController - 200 OK [dmvcframework]
2016-12-03 01:50:48:710  [TID 2624    ][INFO      ] GET:/api/customers/1 -> CustomersControllerU.TCustomersController - 200 OK [dmvcframework]
2016-12-03 01:55:13:217  [TID 12192   ][INFO      ] GET:/api/customers -> CustomersControllerU.TCustomersController - 200 OK [dmvcframework]
2016-12-03 01:55:15:030  [TID 8764    ][INFO      ] GET:/api/customers/1 -> CustomersControllerU.TCustomersController - 200 OK [dmvcframework]
2016-12-03 01:55:18:396  [TID 9048    ][INFO      ] PUT:/api/customers/1 -> CustomersControllerU.TCustomersController - 200 Customer Updated [dmvcframework]
2016-12-03 01:55:27:513  [TID 5992    ][INFO      ] GET:/api/customers -> CustomersControllerU.TCustomersController - 200 OK [dmvcframework]
2016-12-03 01:55:32:915  [TID 6468    ][INFO      ] GET:/api/customers/1 -> CustomersControllerU.TCustomersController - 200 OK [dmvcframework]
2016-12-03 01:55:37:630  [TID 9368    ][INFO      ] PUT:/api/customers/1 -> CustomersControllerU.TCustomersController - 200 Customer Updated [dmvcframework]
2016-12-03 02:08:21:888  [TID 3456    ][INFO      ] Default Logger initialized [dmvcframework]
2016-12-03 02:08:21:888  [TID 3456    ][INFO      ] ENTER: Config default values [dmvcframework]
2016-12-03 02:08:21:888  [TID 3456    ][INFO      ] EXIT: Config default values [dmvcframework]
2016-12-03 02:08:21:888  [TID 3456    ][INFO      ] >> Custom configuration proc [dmvcframework]
2016-12-03 02:08:21:888  [TID 3456    ][INFO      ] << Custom configuration proc [dmvcframework]
2016-12-03 02:08:21:888  [TID 3456    ][INFO      ] ENTER: LoadSystemControllers [dmvcframework]
2016-12-03 02:08:21:888  [TID 3456    ][INFO      ] EXIT: LoadSystemControllers [dmvcframework]
2016-12-03 02:08:21:889  [TID 3456    ][INFO      ] GET:/ -> NO ACTION  - 404 Not Found [dmvcframework]
2016-12-03 02:08:59:051  [TID 3856    ][INFO      ] GET:/api/customers -> CustomersControllerU.TCustomersController - 200 OK [dmvcframework]
2016-12-03 02:09:01:371  [TID 8424    ][INFO      ] GET:/api/customers/1 -> CustomersControllerU.TCustomersController - 200 OK [dmvcframework]
2016-12-03 02:09:08:105  [TID 12200   ][INFO      ] PUT:/api/customers/1 -> CustomersControllerU.TCustomersController - 200 Customer Updated [dmvcframework]
2016-12-03 02:09:16:396  [TID 9436    ][INFO      ] GET:/api/customers -> CustomersControllerU.TCustomersController - 200 OK [dmvcframework]
2016-12-03 02:09:20:804  [TID 848     ][INFO      ] GET:/api/customers/1 -> CustomersControllerU.TCustomersController - 200 OK [dmvcframework]
2016-12-03 02:09:23:848  [TID 6764    ][INFO      ] PUT:/api/customers/1 -> CustomersControllerU.TCustomersController - 200 Customer Updated [dmvcframework]
2016-12-03 02:09:24:882  [TID 8452    ][INFO      ] POST:/customers -> NO ACTION  - 404 Not Found [dmvcframework]
2016-12-03 02:10:21:836  [TID 6468    ][INFO      ] Default Logger initialized [dmvcframework]
2016-12-03 02:10:21:836  [TID 6468    ][INFO      ] ENTER: Config default values [dmvcframework]
2016-12-03 02:10:21:836  [TID 6468    ][INFO      ] EXIT: Config default values [dmvcframework]
2016-12-03 02:10:21:836  [TID 6468    ][INFO      ] >> Custom configuration proc [dmvcframework]
2016-12-03 02:10:21:836  [TID 6468    ][INFO      ] << Custom configuration proc [dmvcframework]
2016-12-03 02:10:21:836  [TID 6468    ][INFO      ] ENTER: LoadSystemControllers [dmvcframework]
2016-12-03 02:10:21:836  [TID 6468    ][INFO      ] EXIT: LoadSystemControllers [dmvcframework]
2016-12-03 02:10:21:836  [TID 6468    ][INFO      ] GET:/ -> NO ACTION  - 404 Not Found [dmvcframework]
2016-12-03 02:10:57:153  [TID 6392    ][INFO      ] GET:/api/customers -> CustomersControllerU.TCustomersController - 200 OK [dmvcframework]
2016-12-03 02:11:01:406  [TID 10540   ][INFO      ] GET:/api/customers/1 -> CustomersControllerU.TCustomersController - 200 OK [dmvcframework]
2016-12-03 02:11:08:331  [TID 11272   ][INFO      ] PUT:/api/customers/1 -> CustomersControllerU.TCustomersController - 200 Customer Updated [dmvcframework]
2016-12-03 02:11:10:741  [TID 720     ][INFO      ] POST:/customers -> NO ACTION  - 404 Not Found [dmvcframework]
2016-12-03 02:13:25:999  [TID 11084   ][INFO      ] GET:/api/customers -> CustomersControllerU.TCustomersController - 200 OK [dmvcframework]
2016-12-03 02:13:27:975  [TID 10708   ][INFO      ] GET:/api/customers/1 -> CustomersControllerU.TCustomersController - 200 OK [dmvcframework]
2016-12-03 02:13:35:656  [TID 10060   ][INFO      ] PUT:/api/customers/1 -> CustomersControllerU.TCustomersController - 200 Customer Updated [dmvcframework]
2016-12-03 02:13:46:715  [TID 11888   ][INFO      ] POST:/api/customers -> CustomersControllerU.TCustomersController - 201 Customer Created [dmvcframework]
2016-12-03 02:13:50:537  [TID 9564    ][INFO      ] GET:/api/customers -> CustomersControllerU.TCustomersController - 200 OK [dmvcframework]
2016-12-03 02:14:33:151  [TID 7196    ][INFO      ] GET:/api/customers/0 -> CustomersControllerU.TCustomersController - 200 OK [dmvcframework]
2016-12-03 02:14:37:913  [TID 9960    ][INFO      ] GET:/api/customers -> CustomersControllerU.TCustomersController - 200 OK [dmvcframework]
2016-12-03 02:18:48:168  [TID 5052    ][INFO      ] GET:/api/customers -> CustomersControllerU.TCustomersController - 200 OK [dmvcframework]
2016-12-03 02:21:07:303  [TID 8788    ][INFO      ] GET:/api/customers -> CustomersControllerU.TCustomersController - 200 OK [dmvcframework]
2016-12-03 02:21:17:914  [TID 3824    ][INFO      ] DELETE:/api/customers/delete/0 -> NO ACTION  - 404 Not Found [dmvcframework]
2016-12-03 02:23:29:509  [TID 3060    ][INFO      ] GET:/api/customers -> CustomersControllerU.TCustomersController - 200 OK [dmvcframework]
2016-12-03 02:23:39:454  [TID 3900    ][ERROR     ] [Exception] Cannot delete an customer with a age greater than 0 (yes, it is a silly check) (Custom message: "Global Action Exception Handler") [dmvcframework]
2016-12-03 02:23:39:454  [TID 3900    ][INFO      ] DELETE:/api/customers/0 -> CustomersControllerU.TCustomersController - 500 Cannot delete an customer with a age greater than 0 (yes, it is a silly check) [Exception] [dmvcframework]
2016-12-03 02:24:37:169  [TID 1860    ][INFO      ] Default Logger initialized [dmvcframework]
2016-12-03 02:24:37:169  [TID 1860    ][INFO      ] ENTER: Config default values [dmvcframework]
2016-12-03 02:24:37:169  [TID 1860    ][INFO      ] EXIT: Config default values [dmvcframework]
2016-12-03 02:24:37:169  [TID 1860    ][INFO      ] >> Custom configuration proc [dmvcframework]
2016-12-03 02:24:37:169  [TID 1860    ][INFO      ] << Custom configuration proc [dmvcframework]
2016-12-03 02:24:37:169  [TID 1860    ][INFO      ] ENTER: LoadSystemControllers [dmvcframework]
2016-12-03 02:24:37:169  [TID 1860    ][INFO      ] EXIT: LoadSystemControllers [dmvcframework]
2016-12-03 02:24:37:170  [TID 1860    ][INFO      ] GET:/ -> NO ACTION  - 404 Not Found [dmvcframework]
2016-12-03 02:24:54:534  [TID 2628    ][INFO      ] DELETE:/api/customers/0 -> CustomersControllerU.TCustomersController - 200 OK [dmvcframework]
2016-12-03 02:25:05:611  [TID 6280    ][INFO      ] GET:/api/customers -> CustomersControllerU.TCustomersController - 200 OK [dmvcframework]
2016-12-03 02:25:25:830  [TID 10740   ][INFO      ] GET:/api/customers -> CustomersControllerU.TCustomersController - 200 OK [dmvcframework]
2016-12-03 02:25:27:800  [TID 8520    ][ERROR     ] [EConvertError] 'insert' is not a valid integer value (Custom message: "Global Action Exception Handler") [dmvcframework]
2016-12-03 02:25:27:800  [TID 8520    ][INFO      ] GET:/api/customers/insert -> CustomersControllerU.TCustomersController - 500 'insert' is not a valid integer value [EConvertError] [dmvcframework]
2016-12-03 02:25:47:662  [TID 2524    ][INFO      ] GET:/api/customers -> CustomersControllerU.TCustomersController - 200 OK [dmvcframework]
2016-12-03 02:25:51:099  [TID 8120    ][INFO      ] GET:/api/customers/1 -> CustomersControllerU.TCustomersController - 200 OK [dmvcframework]
2016-12-03 02:25:53:705  [TID 680     ][INFO      ] PUT:/api/customers/1 -> CustomersControllerU.TCustomersController - 200 Customer Updated [dmvcframework]
2016-12-03 02:26:04:380  [TID 10712   ][INFO      ] POST:/api/customers -> CustomersControllerU.TCustomersController - 201 Customer Created [dmvcframework]
2016-12-03 02:26:06:842  [TID 10668   ][INFO      ] GET:/api/customers -> CustomersControllerU.TCustomersController - 200 OK [dmvcframework]
2016-12-03 02:26:14:956  [TID 12144   ][INFO      ] DELETE:/api/customers/delete/0 -> NO ACTION  - 404 Not Found [dmvcframework]
2016-12-03 02:27:57:623  [TID 11572   ][INFO      ] GET:/api/customers -> CustomersControllerU.TCustomersController - 200 OK [dmvcframework]
2016-12-03 02:28:02:153  [TID 5848    ][INFO      ] DELETE:/api/customers/0 -> CustomersControllerU.TCustomersController - 200 OK [dmvcframework]
2016-12-03 02:28:35:297  [TID 3000    ][INFO      ] GET:/api/customers -> CustomersControllerU.TCustomersController - 200 OK [dmvcframework]
2016-12-03 02:29:40:383  [TID 11500   ][INFO      ] GET:/api/customers -> CustomersControllerU.TCustomersController - 200 OK [dmvcframework]
2016-12-03 02:29:52:121  [TID 11904   ][INFO      ] DELETE:/api/customers/4 -> CustomersControllerU.TCustomersController - 200 OK [dmvcframework]
2016-12-03 02:30:09:669  [TID 11900   ][INFO      ] GET:/api/customers -> CustomersControllerU.TCustomersController - 200 OK [dmvcframework]
2016-12-03 02:34:13:444  [TID 11176   ][INFO      ] Default Logger initialized [dmvcframework]
2016-12-03 02:34:13:444  [TID 11176   ][INFO      ] ENTER: Config default values [dmvcframework]
2016-12-03 02:34:13:444  [TID 11176   ][INFO      ] EXIT: Config default values [dmvcframework]
2016-12-03 02:34:13:444  [TID 11176   ][INFO      ] >> Custom configuration proc [dmvcframework]
2016-12-03 02:34:13:444  [TID 11176   ][INFO      ] << Custom configuration proc [dmvcframework]
2016-12-03 02:34:13:444  [TID 11176   ][INFO      ] ENTER: LoadSystemControllers [dmvcframework]
2016-12-03 02:34:13:445  [TID 11176   ][INFO      ] EXIT: LoadSystemControllers [dmvcframework]
2016-12-03 02:34:13:445  [TID 11176   ][INFO      ] GET:/ -> NO ACTION  - 404 Not Found [dmvcframework]
2016-12-03 02:34:48:304  [TID 9552    ][INFO      ] GET:/api/customers -> CustomersControllerU.TCustomersController - 200 OK [dmvcframework]
2016-12-03 02:35:06:094  [TID 892     ][INFO      ] DELETE:/api/customers/3 -> CustomersControllerU.TCustomersController - 200 Customer deleted! [dmvcframework]
2016-12-03 02:35:15:629  [TID 9076    ][INFO      ] GET:/api/customers -> CustomersControllerU.TCustomersController - 200 OK [dmvcframework]
2016-12-03 02:45:55:288  [TID 11744   ][INFO      ] Default Logger initialized [dmvcframework]
2016-12-03 02:45:55:288  [TID 11744   ][INFO      ] ENTER: Config default values [dmvcframework]
2016-12-03 02:45:55:288  [TID 11744   ][INFO      ] EXIT: Config default values [dmvcframework]
2016-12-03 02:45:55:288  [TID 11744   ][INFO      ] >> Custom configuration proc [dmvcframework]
2016-12-03 02:45:55:288  [TID 11744   ][INFO      ] << Custom configuration proc [dmvcframework]
2016-12-03 02:45:55:288  [TID 11744   ][INFO      ] ENTER: LoadSystemControllers [dmvcframework]
2016-12-03 02:45:55:288  [TID 11744   ][INFO      ] EXIT: LoadSystemControllers [dmvcframework]
2016-12-03 02:45:55:775  [TID 11744   ][INFO      ] GET:/api/customers -> CustomersControllerU.TCustomersController - 200 OK [dmvcframework]
2016-12-03 02:45:55:866  [TID 10208   ][INFO      ] GET:/ -> NO ACTION  - 404 Not Found [dmvcframework]
2016-12-03 02:45:56:104  [TID 11748   ][INFO      ] GET:/favicon.ico -> NO ACTION  - 404 Not Found [dmvcframework]
2016-12-03 02:45:56:194  [TID 9528    ][INFO      ] GET:/favicon.ico -> NO ACTION  - 404 Not Found [dmvcframework]
2016-12-03 02:46:48:716  [TID 9304    ][INFO      ] GET:/api/customers -> CustomersControllerU.TCustomersController - 200 OK [dmvcframework]
2016-12-03 02:46:52:736  [TID 6628    ][INFO      ] GET:/api/customers/1 -> CustomersControllerU.TCustomersController - 200 OK [dmvcframework]
2016-12-03 02:46:54:349  [TID 9948    ][INFO      ] PUT:/api/customers/1 -> CustomersControllerU.TCustomersController - 200 Customer Updated [dmvcframework]
2016-12-03 03:01:47:046  [TID 12028   ][INFO      ] GET:/api/customers -> CustomersControllerU.TCustomersController - 200 OK [dmvcframework]
2016-12-03 03:01:48:628  [TID 3924    ][INFO      ] GET:/api/customers/1 -> CustomersControllerU.TCustomersController - 200 OK [dmvcframework]
2016-12-03 03:01:50:028  [TID 5036    ][INFO      ] PUT:/api/customers/1 -> CustomersControllerU.TCustomersController - 200 Customer Updated [dmvcframework]
2016-12-03 03:06:21:947  [TID 9388    ][INFO      ] GET:/api/customers -> CustomersControllerU.TCustomersController - 200 OK [dmvcframework]
2016-12-03 03:06:23:834  [TID 9404    ][INFO      ] GET:/api/customers/1 -> CustomersControllerU.TCustomersController - 200 OK [dmvcframework]
2016-12-03 03:06:25:405  [TID 1796    ][INFO      ] PUT:/api/customers/1 -> CustomersControllerU.TCustomersController - 200 Customer Updated [dmvcframework]
2016-12-03 03:07:51:715  [TID 9512    ][INFO      ] GET:/api/customers -> CustomersControllerU.TCustomersController - 200 OK [dmvcframework]
2016-12-03 03:07:53:792  [TID 9792    ][INFO      ] GET:/api/customers/1 -> CustomersControllerU.TCustomersController - 200 OK [dmvcframework]
2016-12-03 03:07:55:305  [TID 7160    ][INFO      ] PUT:/api/customers/1 -> CustomersControllerU.TCustomersController - 200 Customer Updated [dmvcframework]
2016-12-03 10:55:44:385  [TID 11664   ][INFO      ] Default Logger initialized [dmvcframework]
2016-12-03 10:55:44:385  [TID 11664   ][INFO      ] ENTER: Config default values [dmvcframework]
2016-12-03 10:55:44:385  [TID 11664   ][INFO      ] EXIT: Config default values [dmvcframework]
2016-12-03 10:55:44:385  [TID 11664   ][INFO      ] >> Custom configuration proc [dmvcframework]
2016-12-03 10:55:44:385  [TID 11664   ][INFO      ] << Custom configuration proc [dmvcframework]
2016-12-03 10:55:44:385  [TID 11664   ][INFO      ] ENTER: LoadSystemControllers [dmvcframework]
2016-12-03 10:55:44:385  [TID 11664   ][INFO      ] EXIT: LoadSystemControllers [dmvcframework]
2016-12-03 10:55:44:385  [TID 11664   ][INFO      ] GET:/ -> NO ACTION  - 404 Not Found [dmvcframework]
2016-12-03 10:55:44:551  [TID 4012    ][INFO      ] GET:/favicon.ico -> NO ACTION  - 404 Not Found [dmvcframework]
2016-12-03 10:55:50:711  [TID 8468    ][INFO      ] GET:/api/customers -> CustomersControllerU.TCustomersController - 200 OK [dmvcframework]
2016-12-03 10:55:55:641  [TID 1520    ][INFO      ] GET:/ -> NO ACTION  - 404 Not Found [dmvcframework]
2016-12-03 11:13:50:351  [TID 2052    ][INFO      ] Default Logger initialized [dmvcframework]
2016-12-03 11:13:50:351  [TID 2052    ][INFO      ] ENTER: Config default values [dmvcframework]
2016-12-03 11:13:50:351  [TID 2052    ][INFO      ] EXIT: Config default values [dmvcframework]
2016-12-03 11:13:50:351  [TID 2052    ][INFO      ] >> Custom configuration proc [dmvcframework]
2016-12-03 11:13:50:351  [TID 2052    ][INFO      ] << Custom configuration proc [dmvcframework]
2016-12-03 11:13:50:351  [TID 2052    ][INFO      ] ENTER: LoadSystemControllers [dmvcframework]
2016-12-03 11:13:50:351  [TID 2052    ][INFO      ] EXIT: LoadSystemControllers [dmvcframework]
2016-12-03 11:13:50:352  [TID 2052    ][INFO      ] GET:/ -> NO ACTION  - 404 Not Found [dmvcframework]
2016-12-03 11:13:50:517  [TID 11016   ][INFO      ] GET:/favicon.ico -> NO ACTION  - 404 Not Found [dmvcframework]
2016-12-03 11:14:05:708  [TID 11876   ][ERROR     ] [EAccessViolation] Access violation at address 0040C2CF in module 'Angular2SampleServer.exe'. Read of address 00000001 (Custom message: "") [dmvcframework]
2016-12-03 11:14:30:055  [TID 8280    ][ERROR     ] [EAccessViolation] Access violation at address 0040C2CF in module 'Angular2SampleServer.exe'. Read of address 00000001 (Custom message: "") [dmvcframework]
2016-12-03 11:14:48:474  [TID 11372   ][ERROR     ] [EAccessViolation] Access violation at address 0040C2CF in module 'Angular2SampleServer.exe'. Read of address 00000001 (Custom message: "") [dmvcframework]
2016-12-03 11:14:56:279  [TID 8332    ][ERROR     ] [EAccessViolation] Access violation at address 0040C2CF in module 'Angular2SampleServer.exe'. Read of address 00000001 (Custom message: "") [dmvcframework]
2016-12-03 11:15:42:894  [TID 11268   ][ERROR     ] [EAccessViolation] Access violation at address 0040C2CF in module 'Angular2SampleServer.exe'. Read of address 00000001 (Custom message: "") [dmvcframework]
2016-12-03 11:24:49:785  [TID 3064    ][INFO      ] Default Logger initialized [dmvcframework]
2016-12-03 11:24:49:785  [TID 3064    ][INFO      ] ENTER: Config default values [dmvcframework]
2016-12-03 11:24:49:785  [TID 3064    ][INFO      ] EXIT: Config default values [dmvcframework]
2016-12-03 11:24:49:785  [TID 3064    ][INFO      ] >> Custom configuration proc [dmvcframework]
2016-12-03 11:24:49:785  [TID 3064    ][INFO      ] << Custom configuration proc [dmvcframework]
2016-12-03 11:24:49:785  [TID 3064    ][INFO      ] ENTER: LoadSystemControllers [dmvcframework]
2016-12-03 11:24:49:785  [TID 3064    ][INFO      ] EXIT: LoadSystemControllers [dmvcframework]
2016-12-03 11:24:49:785  [TID 3064    ][INFO      ] GET:/ -> NO ACTION  - 404 Not Found [dmvcframework]
2016-12-03 11:24:54:826  [TID 1696    ][INFO      ] GET:/ -> NO ACTION  - 404 Not Found [dmvcframework]
2016-12-03 11:24:59:019  [TID 4508    ][INFO      ] GET:/api/customers -> CustomersControllerU.TCustomersController - 200 OK [dmvcframework]
2016-12-03 11:25:12:726  [TID 4820    ][INFO      ] GET:/api/customers -> CustomersControllerU.TCustomersController - 200 OK [dmvcframework]
2016-12-03 11:25:15:088  [TID 4564    ][INFO      ] GET:/api/customers/1 -> CustomersControllerU.TCustomersController - 200 OK [dmvcframework]
2016-12-03 11:25:18:208  [TID 4060    ][INFO      ] PUT:/api/customers/1 -> CustomersControllerU.TCustomersController - 200 Customer Updated [dmvcframework]
2016-12-03 11:25:20:018  [TID 4604    ][INFO      ] POST:/api/customers -> CustomersControllerU.TCustomersController - 201 Customer Created [dmvcframework]
2016-12-03 11:25:21:099  [TID 5156    ][ERROR     ] [EIBNativeException] [FireDAC][Phys][FB]violation of PRIMARY or UNIQUE KEY constraint "INTEG_2" on table "CUSTOMERS"
Problematic key value is ("ID" = 0) (Custom message: "Global Action Exception Handler") [dmvcframework]
2016-12-03 11:25:21:099  [TID 5156    ][INFO      ] POST:/api/customers -> CustomersControllerU.TCustomersController - 500 [FireDAC][Phys][FB]violation of PRIMARY or UNIQUE KEY constraint "INTEG_2" on table "CUSTOMERS"
Problematic key value is ("ID" = 0) [EIBNativeException] [dmvcframework]
2016-12-03 11:25:21:582  [TID 5060    ][ERROR     ] [EIBNativeException] [FireDAC][Phys][FB]violation of PRIMARY or UNIQUE KEY constraint "INTEG_2" on table "CUSTOMERS"
Problematic key value is ("ID" = 0) (Custom message: "Global Action Exception Handler") [dmvcframework]
2016-12-03 11:25:21:582  [TID 5060    ][INFO      ] POST:/api/customers -> CustomersControllerU.TCustomersController - 500 [FireDAC][Phys][FB]violation of PRIMARY or UNIQUE KEY constraint "INTEG_2" on table "CUSTOMERS"
Problematic key value is ("ID" = 0) [EIBNativeException] [dmvcframework]
2016-12-03 11:25:22:883  [TID 8560    ][INFO      ] GET:/api/customers -> CustomersControllerU.TCustomersController - 200 OK [dmvcframework]
2016-12-03 11:25:26:216  [TID 7812    ][INFO      ] GET:/api/customers/1 -> CustomersControllerU.TCustomersController - 200 OK [dmvcframework]
2016-12-03 11:25:27:450  [TID 8400    ][INFO      ] PUT:/api/customers/1 -> CustomersControllerU.TCustomersController - 200 Customer Updated [dmvcframework]
2016-12-03 11:25:39:536  [TID 8756    ][INFO      ] GET:/api/customers -> CustomersControllerU.TCustomersController - 200 OK [dmvcframework]
2016-12-03 11:25:44:511  [TID 11388   ][INFO      ] GET:/api/customers/0 -> CustomersControllerU.TCustomersController - 200 OK [dmvcframework]
2016-12-03 11:25:46:474  [TID 11024   ][ERROR     ] [EIBNativeException] [FireDAC][Phys][FB]violation of PRIMARY or UNIQUE KEY constraint "INTEG_2" on table "CUSTOMERS"
Problematic key value is ("ID" = 0) (Custom message: "Global Action Exception Handler") [dmvcframework]
2016-12-03 11:25:46:474  [TID 11024   ][INFO      ] POST:/api/customers -> CustomersControllerU.TCustomersController - 500 [FireDAC][Phys][FB]violation of PRIMARY or UNIQUE KEY constraint "INTEG_2" on table "CUSTOMERS"
Problematic key value is ("ID" = 0) [EIBNativeException] [dmvcframework]
2016-12-03 11:25:54:291  [TID 11492   ][INFO      ] GET:/api/customers -> CustomersControllerU.TCustomersController - 200 OK [dmvcframework]
2016-12-03 11:25:56:153  [TID 10740   ][INFO      ] GET:/api/customers -> CustomersControllerU.TCustomersController - 200 OK [dmvcframework]
2016-12-03 11:26:01:333  [TID 10616   ][INFO      ] GET:/api/customers/0 -> CustomersControllerU.TCustomersController - 200 OK [dmvcframework]
2016-12-03 11:26:04:554  [TID 8872    ][ERROR     ] [EIBNativeException] [FireDAC][Phys][FB]violation of PRIMARY or UNIQUE KEY constraint "INTEG_2" on table "CUSTOMERS"
Problematic key value is ("ID" = 0) (Custom message: "Global Action Exception Handler") [dmvcframework]
2016-12-03 11:26:04:554  [TID 8872    ][INFO      ] POST:/api/customers -> CustomersControllerU.TCustomersController - 500 [FireDAC][Phys][FB]violation of PRIMARY or UNIQUE KEY constraint "INTEG_2" on table "CUSTOMERS"
Problematic key value is ("ID" = 0) [EIBNativeException] [dmvcframework]
2016-12-03 11:26:06:731  [TID 1060    ][INFO      ] GET:/api/customers -> CustomersControllerU.TCustomersController - 200 OK [dmvcframework]
2016-12-03 11:26:09:343  [TID 8676    ][INFO      ] DELETE:/api/customers/0 -> CustomersControllerU.TCustomersController - 200 Customer deleted! [dmvcframework]
2016-12-03 11:26:35:120  [TID 10076   ][INFO      ] GET:/api/customers -> CustomersControllerU.TCustomersController - 200 OK [dmvcframework]
2016-12-03 11:26:38:264  [TID 10020   ][INFO      ] GET:/api/customers/2 -> CustomersControllerU.TCustomersController - 200 OK [dmvcframework]
2016-12-03 11:26:39:441  [TID 9904    ][INFO      ] PUT:/api/customers/2 -> CustomersControllerU.TCustomersController - 200 Customer Updated [dmvcframework]
2016-12-03 11:36:14:042  [TID 3360    ][INFO      ] GET:/api/customers -> CustomersControllerU.TCustomersController - 200 OK [dmvcframework]
2016-12-03 11:36:16:329  [TID 9588    ][INFO      ] GET:/api/customers/2 -> CustomersControllerU.TCustomersController - 200 OK [dmvcframework]
2016-12-03 11:36:18:166  [TID 5604    ][INFO      ] PUT:/api/customers/2 -> CustomersControllerU.TCustomersController - 200 Customer Updated [dmvcframework]
2016-12-03 11:47:18:720  [TID 10588   ][INFO      ] GET:/api/customers -> CustomersControllerU.TCustomersController - 200 OK [dmvcframework]
2016-12-03 11:47:20:852  [TID 8216    ][INFO      ] GET:/api/customers/1 -> CustomersControllerU.TCustomersController - 200 OK [dmvcframework]
2016-12-03 11:47:22:116  [TID 7064    ][INFO      ] PUT:/api/customers/1 -> CustomersControllerU.TCustomersController - 200 Customer Updated [dmvcframework]
2016-12-03 11:48:09:575  [TID 724     ][INFO      ] GET:/api/customers -> CustomersControllerU.TCustomersController - 200 OK [dmvcframework]
2016-12-03 11:48:11:429  [TID 7760    ][INFO      ] GET:/api/customers/1 -> CustomersControllerU.TCustomersController - 200 OK [dmvcframework]
2016-12-03 11:48:12:866  [TID 8344    ][INFO      ] PUT:/api/customers/1 -> CustomersControllerU.TCustomersController - 200 Customer Updated [dmvcframework]
2016-12-03 11:53:25:092  [TID 4376    ][INFO      ] GET:/api/customers -> CustomersControllerU.TCustomersController - 200 OK [dmvcframework]
2016-12-03 11:54:18:331  [TID 11848   ][INFO      ] GET:/api/customers -> CustomersControllerU.TCustomersController - 200 OK [dmvcframework]
2016-12-03 11:54:19:808  [TID 340     ][INFO      ] GET:/api/customers/1 -> CustomersControllerU.TCustomersController - 200 OK [dmvcframework]
2016-12-03 11:54:21:294  [TID 11324   ][INFO      ] GET:/api/customers -> CustomersControllerU.TCustomersController - 200 OK [dmvcframework]
2016-12-03 11:54:59:189  [TID 7212    ][INFO      ] GET:/api/customers -> CustomersControllerU.TCustomersController - 200 OK [dmvcframework]
2016-12-03 11:55:00:694  [TID 11224   ][INFO      ] GET:/api/customers/1 -> CustomersControllerU.TCustomersController - 200 OK [dmvcframework]
2016-12-03 11:55:01:935  [TID 9472    ][INFO      ] PUT:/api/customers/1 -> CustomersControllerU.TCustomersController - 200 Customer Updated [dmvcframework]
2016-12-03 11:57:27:193  [TID 4620    ][INFO      ] GET:/api/customers -> CustomersControllerU.TCustomersController - 200 OK [dmvcframework]
2016-12-03 11:57:29:143  [TID 7396    ][INFO      ] GET:/api/customers/1 -> CustomersControllerU.TCustomersController - 200 OK [dmvcframework]
2016-12-03 11:57:30:291  [TID 8904    ][INFO      ] PUT:/api/customers/1 -> CustomersControllerU.TCustomersController - 200 Customer Updated [dmvcframework]
2016-12-03 11:58:54:607  [TID 3436    ][INFO      ] GET:/api/customers -> CustomersControllerU.TCustomersController - 200 OK [dmvcframework]
2016-12-03 11:58:56:055  [TID 5540    ][INFO      ] GET:/api/customers/1 -> CustomersControllerU.TCustomersController - 200 OK [dmvcframework]
2016-12-03 11:58:57:478  [TID 5952    ][INFO      ] PUT:/api/customers/1 -> CustomersControllerU.TCustomersController - 200 Customer Updated [dmvcframework]
2016-12-04 21:55:48:951  [TID 2932    ][INFO      ] Default Logger initialized [dmvcframework]
2016-12-04 21:55:48:951  [TID 2932    ][INFO      ] ENTER: Config default values [dmvcframework]
2016-12-04 21:55:48:951  [TID 2932    ][INFO      ] EXIT: Config default values [dmvcframework]
2016-12-04 21:55:48:951  [TID 2932    ][INFO      ] >> Custom configuration proc [dmvcframework]
2016-12-04 21:55:48:951  [TID 2932    ][INFO      ] << Custom configuration proc [dmvcframework]
2016-12-04 21:55:48:951  [TID 2932    ][INFO      ] ENTER: LoadSystemControllers [dmvcframework]
2016-12-04 21:55:48:951  [TID 2932    ][INFO      ] EXIT: LoadSystemControllers [dmvcframework]
2016-12-04 21:55:48:952  [TID 2932    ][INFO      ] GET:/ -> NO ACTION  - 404 Not Found [dmvcframework]
2016-12-04 21:55:49:328  [TID 10184   ][INFO      ] GET:/favicon.ico -> NO ACTION  - 404 Not Found [dmvcframework]
2016-12-04 21:56:07:791  [TID 8752    ][INFO      ] GET:/api/customers -> CustomersControllerU.TCustomersController - 200 OK [dmvcframework]
2016-12-04 21:58:52:911  [TID 8016    ][INFO      ] GET:/api/customers -> CustomersControllerU.TCustomersController - 200 OK [dmvcframework]
2016-12-04 21:58:54:997  [TID 1972    ][INFO      ] GET:/api/customers/1 -> CustomersControllerU.TCustomersController - 200 OK [dmvcframework]
2016-12-04 21:58:56:500  [TID 10000   ][INFO      ] PUT:/api/customers/1 -> CustomersControllerU.TCustomersController - 200 Customer Updated [dmvcframework]
2016-12-04 21:59:25:017  [TID 11208   ][INFO      ] GET:/api/customers -> CustomersControllerU.TCustomersController - 200 OK [dmvcframework]
2016-12-04 21:59:26:742  [TID 2604    ][INFO      ] GET:/api/customers/1 -> CustomersControllerU.TCustomersController - 200 OK [dmvcframework]
2016-12-04 21:59:28:318  [TID 8708    ][INFO      ] PUT:/api/customers/1 -> CustomersControllerU.TCustomersController - 200 Customer Updated [dmvcframework]
2016-12-04 21:59:28:411  [TID 9288    ][INFO      ] GET:/api/customers -> CustomersControllerU.TCustomersController - 200 OK [dmvcframework]
2016-12-04 21:59:31:231  [TID 5104    ][INFO      ] GET:/api/customers/2 -> CustomersControllerU.TCustomersController - 200 OK [dmvcframework]
2016-12-04 21:59:34:779  [TID 4972    ][INFO      ] PUT:/api/customers/2 -> CustomersControllerU.TCustomersController - 200 Customer Updated [dmvcframework]
2016-12-04 21:59:34:865  [TID 8776    ][INFO      ] GET:/api/customers -> CustomersControllerU.TCustomersController - 200 OK [dmvcframework]
2016-12-04 21:59:39:200  [TID 6880    ][INFO      ] GET:/api/customers/1 -> CustomersControllerU.TCustomersController - 200 OK [dmvcframework]
2016-12-04 21:59:40:245  [TID 9364    ][INFO      ] GET:/api/customers -> CustomersControllerU.TCustomersController - 200 OK [dmvcframework]
2016-12-04 21:59:43:872  [TID 8800    ][ERROR     ] [EConvertError] 'insert' is not a valid integer value (Custom message: "Global Action Exception Handler") [dmvcframework]
2016-12-04 21:59:43:872  [TID 8800    ][INFO      ] GET:/api/customers/insert -> CustomersControllerU.TCustomersController - 500 'insert' is not a valid integer value [EConvertError] [dmvcframework]
2016-12-04 22:06:39:152  [TID 10160   ][INFO      ] GET:/api/customers -> CustomersControllerU.TCustomersController - 200 OK [dmvcframework]
2016-12-04 22:06:41:149  [TID 6012    ][ERROR     ] [EConvertError] 'insert' is not a valid integer value (Custom message: "Global Action Exception Handler") [dmvcframework]
2016-12-04 22:06:41:150  [TID 6012    ][INFO      ] GET:/api/customers/insert -> CustomersControllerU.TCustomersController - 500 'insert' is not a valid integer value [EConvertError] [dmvcframework]
2016-12-04 22:07:27:124  [TID 8240    ][INFO      ] GET:/api/customers -> CustomersControllerU.TCustomersController - 200 OK [dmvcframework]
2016-12-04 22:07:28:467  [TID 5692    ][ERROR     ] [EConvertError] 'insert' is not a valid integer value (Custom message: "Global Action Exception Handler") [dmvcframework]
2016-12-04 22:07:28:467  [TID 5692    ][INFO      ] GET:/api/customers/insert -> CustomersControllerU.TCustomersController - 500 'insert' is not a valid integer value [EConvertError] [dmvcframework]
2016-12-04 22:07:31:753  [TID 8784    ][INFO      ] GET:/api/customers -> CustomersControllerU.TCustomersController - 200 OK [dmvcframework]
2016-12-04 22:09:33:919  [TID 4396    ][INFO      ] GET:/api/customers -> CustomersControllerU.TCustomersController - 200 OK [dmvcframework]
2016-12-04 22:09:35:802  [TID 4468    ][INFO      ] GET:/api/customers/-1 -> CustomersControllerU.TCustomersController - 200 OK [dmvcframework]
2016-12-04 22:09:46:423  [TID 9852    ][INFO      ] POST:/api/customers -> CustomersControllerU.TCustomersController - 201 Customer Created [dmvcframework]
2016-12-04 22:09:46:582  [TID 9472    ][INFO      ] GET:/api/customers -> CustomersControllerU.TCustomersController - 200 OK [dmvcframework]
2016-12-04 22:09:52:489  [TID 5736    ][INFO      ] GET:/api/customers/0 -> CustomersControllerU.TCustomersController - 200 OK [dmvcframework]
2016-12-04 22:09:57:783  [TID 4848    ][ERROR     ] [EIBNativeException] [FireDAC][Phys][FB]violation of PRIMARY or UNIQUE KEY constraint "INTEG_2" on table "CUSTOMERS"
Problematic key value is ("ID" = 0) (Custom message: "Global Action Exception Handler") [dmvcframework]
2016-12-04 22:09:57:783  [TID 4848    ][INFO      ] POST:/api/customers -> CustomersControllerU.TCustomersController - 500 [FireDAC][Phys][FB]violation of PRIMARY or UNIQUE KEY constraint "INTEG_2" on table "CUSTOMERS"
Problematic key value is ("ID" = 0) [EIBNativeException] [dmvcframework]
2016-12-04 22:10:07:068  [TID 464     ][INFO      ] GET:/api/customers -> CustomersControllerU.TCustomersController - 200 OK [dmvcframework]
2016-12-04 22:11:11:503  [TID 6868    ][INFO      ] GET:/api/customers/-1 -> CustomersControllerU.TCustomersController - 200 OK [dmvcframework]
2016-12-04 22:11:17:327  [TID 8708    ][ERROR     ] [EIBNativeException] [FireDAC][Phys][FB]violation of PRIMARY or UNIQUE KEY constraint "INTEG_2" on table "CUSTOMERS"
Problematic key value is ("ID" = 0) (Custom message: "Global Action Exception Handler") [dmvcframework]
2016-12-04 22:11:17:327  [TID 8708    ][INFO      ] POST:/api/customers -> CustomersControllerU.TCustomersController - 500 [FireDAC][Phys][FB]violation of PRIMARY or UNIQUE KEY constraint "INTEG_2" on table "CUSTOMERS"
Problematic key value is ("ID" = 0) [EIBNativeException] [dmvcframework]
2016-12-04 22:11:25:307  [TID 9288    ][INFO      ] GET:/api/customers -> CustomersControllerU.TCustomersController - 200 OK [dmvcframework]
2016-12-04 22:11:26:620  [TID 5288    ][INFO      ] GET:/api/customers/-1 -> CustomersControllerU.TCustomersController - 200 OK [dmvcframework]
2016-12-04 22:11:31:827  [TID 9276    ][ERROR     ] [EIBNativeException] [FireDAC][Phys][FB]violation of PRIMARY or UNIQUE KEY constraint "INTEG_2" on table "CUSTOMERS"
Problematic key value is ("ID" = 0) (Custom message: "Global Action Exception Handler") [dmvcframework]
2016-12-04 22:11:31:827  [TID 9276    ][INFO      ] POST:/api/customers -> CustomersControllerU.TCustomersController - 500 [FireDAC][Phys][FB]violation of PRIMARY or UNIQUE KEY constraint "INTEG_2" on table "CUSTOMERS"
Problematic key value is ("ID" = 0) [EIBNativeException] [dmvcframework]
2016-12-04 22:11:36:278  [TID 1040    ][INFO      ] GET:/api/customers -> CustomersControllerU.TCustomersController - 200 OK [dmvcframework]
2016-12-04 22:11:39:632  [TID 464     ][INFO      ] DELETE:/api/customers/0 -> CustomersControllerU.TCustomersController - 200 Customer deleted! [dmvcframework]
2016-12-04 22:11:49:861  [TID 1020    ][INFO      ] GET:/api/customers -> CustomersControllerU.TCustomersController - 200 OK [dmvcframework]
2016-12-04 22:11:59:115  [TID 1976    ][INFO      ] GET:/api/customers/-1 -> CustomersControllerU.TCustomersController - 200 OK [dmvcframework]
2016-12-04 22:12:04:018  [TID 9572    ][INFO      ] POST:/api/customers -> CustomersControllerU.TCustomersController - 201 Customer Created [dmvcframework]
2016-12-04 22:12:04:097  [TID 10128   ][INFO      ] GET:/api/customers -> CustomersControllerU.TCustomersController - 200 OK [dmvcframework]
2016-12-04 22:12:10:941  [TID 3948    ][INFO      ] DELETE:/api/customers/0 -> CustomersControllerU.TCustomersController - 200 Customer deleted! [dmvcframework]
2016-12-04 22:15:54:054  [TID 11216   ][INFO      ] GET:/api/customers -> CustomersControllerU.TCustomersController - 200 OK [dmvcframework]
2016-12-04 22:15:56:366  [TID 1716    ][INFO      ] GET:/api/customers/-1 -> CustomersControllerU.TCustomersController - 200 OK [dmvcframework]
2016-12-04 22:15:59:884  [TID 10268   ][INFO      ] POST:/api/customers -> CustomersControllerU.TCustomersController - 201 Customer Created [dmvcframework]
2016-12-04 22:15:59:978  [TID 7872    ][INFO      ] GET:/api/customers -> CustomersControllerU.TCustomersController - 200 OK [dmvcframework]
2016-12-04 22:16:04:667  [TID 7912    ][INFO      ] DELETE:/api/customers/0 -> CustomersControllerU.TCustomersController - 200 Customer deleted! [dmvcframework]
2016-12-04 22:16:17:736  [TID 804     ][INFO      ] GET:/api/customers -> CustomersControllerU.TCustomersController - 200 OK [dmvcframework]
2016-12-04 22:18:44:422  [TID 10744   ][INFO      ] GET:/api/customers -> CustomersControllerU.TCustomersController - 200 OK [dmvcframework]
2016-12-04 22:18:47:624  [TID 4212    ][INFO      ] GET:/api/customers/-1 -> CustomersControllerU.TCustomersController - 200 OK [dmvcframework]
2016-12-04 22:18:51:568  [TID 7920    ][INFO      ] POST:/api/customers -> CustomersControllerU.TCustomersController - 201 Customer Created [dmvcframework]
2016-12-04 22:18:51:658  [TID 6700    ][INFO      ] GET:/api/customers -> CustomersControllerU.TCustomersController - 200 OK [dmvcframework]
2016-12-04 22:19:01:950  [TID 9784    ][INFO      ] DELETE:/api/customers/0 -> CustomersControllerU.TCustomersController - 200 Customer deleted! [dmvcframework]
2016-12-04 22:19:02:045  [TID 9212    ][INFO      ] GET:/api/customers -> CustomersControllerU.TCustomersController - 200 OK [dmvcframework]
2016-12-04 22:19:31:588  [TID 4972    ][INFO      ] GET:/api/customers -> CustomersControllerU.TCustomersController - 200 OK [dmvcframework]
2016-12-04 22:19:34:401  [TID 804     ][INFO      ] GET:/api/customers/-1 -> CustomersControllerU.TCustomersController - 200 OK [dmvcframework]
2016-12-04 22:19:36:553  [TID 10624   ][INFO      ] POST:/api/customers -> CustomersControllerU.TCustomersController - 201 Customer Created [dmvcframework]
2016-12-04 22:19:36:632  [TID 5896    ][INFO      ] GET:/api/customers -> CustomersControllerU.TCustomersController - 200 OK [dmvcframework]
2016-12-04 22:19:40:078  [TID 3656    ][INFO      ] DELETE:/api/customers/0 -> CustomersControllerU.TCustomersController - 200 Customer deleted! [dmvcframework]
2016-12-04 22:19:40:151  [TID 6544    ][INFO      ] GET:/api/customers -> CustomersControllerU.TCustomersController - 200 OK [dmvcframework]
2016-12-04 22:21:03:920  [TID 596     ][INFO      ] GET:/api/customers -> CustomersControllerU.TCustomersController - 200 OK [dmvcframework]
2016-12-04 22:21:06:032  [TID 7920    ][INFO      ] GET:/api/customers/-1 -> CustomersControllerU.TCustomersController - 200 OK [dmvcframework]
2016-12-04 22:21:10:941  [TID 7388    ][INFO      ] POST:/api/customers -> CustomersControllerU.TCustomersController - 201 Customer Created [dmvcframework]
2016-12-04 22:21:11:032  [TID 5804    ][INFO      ] GET:/api/customers -> CustomersControllerU.TCustomersController - 200 OK [dmvcframework]
2016-12-04 22:21:14:343  [TID 8808    ][INFO      ] DELETE:/api/customers/0 -> CustomersControllerU.TCustomersController - 200 Customer deleted! [dmvcframework]
2016-12-04 22:21:14:461  [TID 1944    ][INFO      ] GET:/api/customers -> CustomersControllerU.TCustomersController - 200 OK [dmvcframework]
2016-12-04 22:21:24:214  [TID 7004    ][INFO      ] GET:/api/customers/2 -> CustomersControllerU.TCustomersController - 200 OK [dmvcframework]
2016-12-04 22:21:25:373  [TID 10292   ][INFO      ] GET:/api/customers -> CustomersControllerU.TCustomersController - 200 OK [dmvcframework]
2016-12-04 22:23:26:346  [TID 476     ][INFO      ] GET:/api/customers -> CustomersControllerU.TCustomersController - 200 OK [dmvcframework]
2016-12-04 22:23:28:931  [TID 4936    ][INFO      ] GET:/api/customers/-1 -> CustomersControllerU.TCustomersController - 200 OK [dmvcframework]
2016-12-04 22:23:32:365  [TID 4864    ][INFO      ] POST:/api/customers -> CustomersControllerU.TCustomersController - 201 Customer Created [dmvcframework]
2016-12-04 22:23:32:452  [TID 588     ][INFO      ] GET:/api/customers -> CustomersControllerU.TCustomersController - 200 OK [dmvcframework]
2016-12-04 22:30:16:307  [TID 11040   ][INFO      ] Default Logger initialized [dmvcframework]
2016-12-04 22:30:16:307  [TID 11040   ][INFO      ] ENTER: Config default values [dmvcframework]
2016-12-04 22:30:16:307  [TID 11040   ][INFO      ] EXIT: Config default values [dmvcframework]
2016-12-04 22:30:16:307  [TID 11040   ][INFO      ] >> Custom configuration proc [dmvcframework]
2016-12-04 22:30:16:307  [TID 11040   ][INFO      ] << Custom configuration proc [dmvcframework]
2016-12-04 22:30:16:307  [TID 11040   ][INFO      ] ENTER: LoadSystemControllers [dmvcframework]
2016-12-04 22:30:16:307  [TID 11040   ][INFO      ] EXIT: LoadSystemControllers [dmvcframework]
2016-12-04 22:30:16:307  [TID 11040   ][INFO      ] GET:/ -> NO ACTION  - 404 Not Found [dmvcframework]
2016-12-04 22:30:29:547  [TID 8620    ][ERROR     ] [EIBNativeException] [FireDAC][Phys][FB]I/O error during "CreateFile (open)" operation for file "C:\dmvc\samples\angular2\dmvcframeworkserver\\CUSTOMERS.FDB"
Error while trying to open file
O arquivo já está sendo usado por outro processo.  (Custom message: "Global Action Exception Handler") [dmvcframework]
2016-12-04 22:30:29:547  [TID 8620    ][INFO      ] GET:/api/customers -> CustomersControllerU.TCustomersController - 500 [FireDAC][Phys][FB]I/O error during "CreateFile (open)" operation for file "C:\dmvc\samples\angular2\dmvcframeworkserver\\CUSTOMERS.FDB"
Error while trying to open file
O arquivo já está sendo usado por outro processo.  [EIBNativeException] [dmvcframework]
2016-12-04 22:31:36:314  [TID 2524    ][INFO      ] Default Logger initialized [dmvcframework]
2016-12-04 22:31:36:314  [TID 2524    ][INFO      ] ENTER: Config default values [dmvcframework]
2016-12-04 22:31:36:314  [TID 2524    ][INFO      ] EXIT: Config default values [dmvcframework]
2016-12-04 22:31:36:314  [TID 2524    ][INFO      ] >> Custom configuration proc [dmvcframework]
2016-12-04 22:31:36:314  [TID 2524    ][INFO      ] << Custom configuration proc [dmvcframework]
2016-12-04 22:31:36:314  [TID 2524    ][INFO      ] ENTER: LoadSystemControllers [dmvcframework]
2016-12-04 22:31:36:314  [TID 2524    ][INFO      ] EXIT: LoadSystemControllers [dmvcframework]
2016-12-04 22:31:36:315  [TID 2524    ][INFO      ] GET:/ -> NO ACTION  - 404 Not Found [dmvcframework]
2016-12-04 22:31:52:667  [TID 5512    ][INFO      ] GET:/api/customers -> CustomersControllerU.TCustomersController - 200 OK [dmvcframework]
2016-12-04 22:31:56:107  [TID 5124    ][INFO      ] DELETE:/api/customers/0 -> CustomersControllerU.TCustomersController - 200 Customer deleted! [dmvcframework]
2016-12-04 22:31:56:187  [TID 10728   ][INFO      ] GET:/api/customers -> CustomersControllerU.TCustomersController - 200 OK [dmvcframework]
2016-12-04 22:32:05:365  [TID 2076    ][INFO      ] GET:/api/customers/-1 -> CustomersControllerU.TCustomersController - 200 OK [dmvcframework]
2016-12-04 22:32:08:778  [TID 3368    ][INFO      ] POST:/api/customers -> CustomersControllerU.TCustomersController - 201 Customer Created [dmvcframework]
2016-12-04 22:32:08:924  [TID 7696    ][INFO      ] GET:/api/customers -> CustomersControllerU.TCustomersController - 200 OK [dmvcframework]
2016-12-04 22:32:13:886  [TID 4944    ][INFO      ] DELETE:/api/customers/5 -> CustomersControllerU.TCustomersController - 200 Customer deleted! [dmvcframework]
2016-12-04 22:32:13:980  [TID 5768    ][INFO      ] GET:/api/customers -> CustomersControllerU.TCustomersController - 200 OK [dmvcframework]
2016-12-04 22:32:18:024  [TID 7352    ][INFO      ] GET:/api/customers/2 -> CustomersControllerU.TCustomersController - 200 OK [dmvcframework]
2016-12-04 22:32:22:971  [TID 1272    ][INFO      ] PUT:/api/customers/2 -> CustomersControllerU.TCustomersController - 200 Customer Updated [dmvcframework]
2016-12-04 22:32:23:069  [TID 5000    ][INFO      ] GET:/api/customers -> CustomersControllerU.TCustomersController - 200 OK [dmvcframework]
2016-12-04 22:47:45:976  [TID 8648    ][INFO      ] GET:/api/customers -> CustomersControllerU.TCustomersController - 200 OK [dmvcframework]
2016-12-04 22:47:48:366  [TID 9304    ][INFO      ] GET:/api/customers/-1 -> CustomersControllerU.TCustomersController - 200 OK [dmvcframework]
2016-12-04 22:47:56:527  [TID 10748   ][INFO      ] POST:/api/customers -> CustomersControllerU.TCustomersController - 201 Customer Created [dmvcframework]
2016-12-04 22:47:56:607  [TID 9952    ][INFO      ] GET:/api/customers -> CustomersControllerU.TCustomersController - 200 OK [dmvcframework]
2016-12-04 22:48:00:642  [TID 5628    ][INFO      ] GET:/api/customers/6 -> CustomersControllerU.TCustomersController - 200 OK [dmvcframework]
2016-12-04 22:48:04:412  [TID 6708    ][INFO      ] PUT:/api/customers/6 -> CustomersControllerU.TCustomersController - 200 Customer Updated [dmvcframework]
2016-12-04 22:48:04:489  [TID 8360    ][INFO      ] GET:/api/customers -> CustomersControllerU.TCustomersController - 200 OK [dmvcframework]
2016-12-04 22:48:06:343  [TID 10872   ][INFO      ] GET:/api/customers/6 -> CustomersControllerU.TCustomersController - 200 OK [dmvcframework]
2016-12-04 22:48:08:338  [TID 6244    ][INFO      ] GET:/api/customers -> CustomersControllerU.TCustomersController - 200 OK [dmvcframework]
2016-12-04 22:48:12:018  [TID 9712    ][INFO      ] DELETE:/api/customers/6 -> CustomersControllerU.TCustomersController - 200 Customer deleted! [dmvcframework]
2016-12-04 22:48:12:085  [TID 9496    ][INFO      ] GET:/api/customers -> CustomersControllerU.TCustomersController - 200 OK [dmvcframework]
2016-12-04 22:48:14:158  [TID 2140    ][INFO      ] GET:/api/customers/-1 -> CustomersControllerU.TCustomersController - 200 OK [dmvcframework]
2016-12-04 22:48:19:077  [TID 9592    ][INFO      ] POST:/api/customers -> CustomersControllerU.TCustomersController - 201 Customer Created [dmvcframework]
2016-12-04 22:48:19:153  [TID 5108    ][INFO      ] GET:/api/customers -> CustomersControllerU.TCustomersController - 200 OK [dmvcframework]
2016-12-04 22:48:25:091  [TID 1972    ][INFO      ] GET:/api/customers/-1 -> CustomersControllerU.TCustomersController - 200 OK [dmvcframework]
2016-12-04 22:48:27:811  [TID 3420    ][INFO      ] POST:/api/customers -> CustomersControllerU.TCustomersController - 201 Customer Created [dmvcframework]
2016-12-04 22:48:27:884  [TID 8036    ][INFO      ] GET:/api/customers -> CustomersControllerU.TCustomersController - 200 OK [dmvcframework]
2016-12-04 22:48:30:186  [TID 8752    ][INFO      ] GET:/api/customers/8 -> CustomersControllerU.TCustomersController - 200 OK [dmvcframework]
2016-12-04 22:48:32:632  [TID 11144   ][INFO      ] PUT:/api/customers/8 -> CustomersControllerU.TCustomersController - 200 Customer Updated [dmvcframework]
2016-12-04 22:48:32:707  [TID 9348    ][INFO      ] GET:/api/customers -> CustomersControllerU.TCustomersController - 200 OK [dmvcframework]
2016-12-04 22:48:35:971  [TID 10516   ][INFO      ] GET:/api/customers/8 -> CustomersControllerU.TCustomersController - 200 OK [dmvcframework]
2016-12-04 22:48:38:174  [TID 4672    ][INFO      ] PUT:/api/customers/8 -> CustomersControllerU.TCustomersController - 200 Customer Updated [dmvcframework]
2016-12-04 22:48:38:254  [TID 948     ][INFO      ] GET:/api/customers -> CustomersControllerU.TCustomersController - 200 OK [dmvcframework]
2016-12-04 22:48:42:502  [TID 7952    ][INFO      ] DELETE:/api/customers/7 -> CustomersControllerU.TCustomersController - 200 Customer deleted! [dmvcframework]
2016-12-04 22:48:42:568  [TID 6608    ][INFO      ] GET:/api/customers -> CustomersControllerU.TCustomersController - 200 OK [dmvcframework]
2016-12-04 22:51:57:500  [TID 7952    ][INFO      ] GET:/api/customers -> CustomersControllerU.TCustomersController - 200 OK [dmvcframework]
2016-12-04 22:51:59:212  [TID 6608    ][INFO      ] GET:/api/customers/8 -> CustomersControllerU.TCustomersController - 200 OK [dmvcframework]
2016-12-04 22:52:00:812  [TID 4624    ][INFO      ] GET:/api/customers -> CustomersControllerU.TCustomersController - 200 OK [dmvcframework]
2016-12-04 22:52:01:946  [TID 11056   ][INFO      ] GET:/api/customers/8 -> CustomersControllerU.TCustomersController - 200 OK [dmvcframework]
2016-12-04 22:52:02:983  [TID 9172    ][INFO      ] GET:/api/customers -> CustomersControllerU.TCustomersController - 200 OK [dmvcframework]
2016-12-04 22:52:04:492  [TID 9492    ][INFO      ] GET:/api/customers/8 -> CustomersControllerU.TCustomersController - 200 OK [dmvcframework]
2016-12-04 22:52:08:155  [TID 6880    ][INFO      ] GET:/api/customers -> CustomersControllerU.TCustomersController - 200 OK [dmvcframework]
